<?xml version="1.0" encoding="UTF-8"?>
<!-- Generated by org.testng.reporters.JUnitReportReporter -->
<testsuite skipped="0" hostname="mnavsupe-t450" name="com.crm.qa.testcases.LoginPageTest" tests="3" failures="0" timestamp="2020-05-20T18:49:50 IST" time="106.416" errors="0">
  <testcase name="loginPageTitleTest" time="37.283" classname="com.crm.qa.testcases.LoginPageTest"/>
  <testcase name="crmlogoTest" time="29.690" classname="com.crm.qa.testcases.LoginPageTest"/>
  <testcase name="loginTest" time="39.443" classname="com.crm.qa.testcases.LoginPageTest"/>
</testsuite> <!-- com.crm.qa.testcases.LoginPageTest -->
