<?xml version="1.0" encoding="UTF-8"?>
<!-- Generated by org.testng.reporters.JUnitReportReporter -->
<testsuite skipped="0" hostname="mnavsupe-t450" name="com.crm.qa.testcases.HomePageTest" tests="3" failures="0" timestamp="2020-05-20T18:56:39 IST" time="122.872" errors="0">
  <testcase name="verifyHomePageTitle" time="44.750" classname="com.crm.qa.testcases.HomePageTest"/>
  <testcase name="verifyHomePageUserNameTest" time="43.610" classname="com.crm.qa.testcases.HomePageTest"/>
  <testcase name="verifyContactsLinkTest" time="34.512" classname="com.crm.qa.testcases.HomePageTest"/>
</testsuite> <!-- com.crm.qa.testcases.HomePageTest -->
